{"E:\\WebDev\\e-Ticket\\app.js": {"path":"E:\\WebDev\\e-Ticket\\app.js","statementMap":{"0":{"start":{"line":9,"column":0},"end":{"line":9,"column":13}},"1":{"start":{"line":10,"column":12},"end":{"line":10,"column":21}},"2":{"start":{"line":12,"column":0},"end":{"line":12,"column":24}},"3":{"start":{"line":13,"column":0},"end":{"line":18,"column":2}},"4":{"start":{"line":20,"column":0},"end":{"line":20,"column":24}},"5":{"start":{"line":21,"column":0},"end":{"line":21,"column":48}},"6":{"start":{"line":22,"column":0},"end":{"line":22,"column":34}},"7":{"start":{"line":37,"column":19},"end":{"line":37,"column":43}},"8":{"start":{"line":38,"column":18},"end":{"line":38,"column":42}},"9":{"start":{"line":40,"column":0},"end":{"line":40,"column":30}},"10":{"start":{"line":41,"column":0},"end":{"line":41,"column":52}},"11":{"start":{"line":50,"column":0},"end":{"line":50,"column":29}},"12":{"start":{"line":51,"column":0},"end":{"line":51,"column":29}},"13":{"start":{"line":52,"column":0},"end":{"line":52,"column":29}},"14":{"start":{"line":53,"column":0},"end":{"line":53,"column":32}},"15":{"start":{"line":59,"column":0},"end":{"line":59,"column":22}}},"fnMap":{},"branchMap":{},"s":{"0":1,"1":1,"2":1,"3":1,"4":1,"5":1,"6":1,"7":1,"8":1,"9":1,"10":1,"11":1,"12":1,"13":1,"14":1,"15":1},"f":{},"b":{},"_coverageSchema":"1a1c01bbd47fc00a2c39e90264f33305004495a9","hash":"b7f02f485d0b21c32231505883b0fa6eea638d13"}
,"E:\\WebDev\\e-Ticket\\src\\controllers\\events.Controller.js": {"path":"E:\\WebDev\\e-Ticket\\src\\controllers\\events.Controller.js","statementMap":{"0":{"start":{"line":4,"column":15},"end":{"line":4,"column":33}},"1":{"start":{"line":7,"column":22},"end":{"line":31,"column":1}},"2":{"start":{"line":8,"column":4},"end":{"line":30,"column":5}},"3":{"start":{"line":9,"column":23},"end":{"line":14,"column":10}},"4":{"start":{"line":17,"column":8},"end":{"line":21,"column":9}},"5":{"start":{"line":18,"column":12},"end":{"line":20,"column":15}},"6":{"start":{"line":24,"column":8},"end":{"line":26,"column":11}},"7":{"start":{"line":28,"column":8},"end":{"line":28,"column":55}},"8":{"start":{"line":29,"column":8},"end":{"line":29,"column":68}},"9":{"start":{"line":34,"column":25},"end":{"line":58,"column":1}},"10":{"start":{"line":35,"column":4},"end":{"line":35,"column":70}},"11":{"start":{"line":36,"column":4},"end":{"line":57,"column":5}},"12":{"start":{"line":37,"column":28},"end":{"line":37,"column":38}},"13":{"start":{"line":39,"column":22},"end":{"line":45,"column":10}},"14":{"start":{"line":47,"column":8},"end":{"line":49,"column":9}},"15":{"start":{"line":48,"column":12},"end":{"line":48,"column":72}},"16":{"start":{"line":51,"column":8},"end":{"line":53,"column":11}},"17":{"start":{"line":55,"column":8},"end":{"line":55,"column":54}},"18":{"start":{"line":56,"column":8},"end":{"line":56,"column":74}},"19":{"start":{"line":61,"column":17},"end":{"line":175,"column":1}},"20":{"start":{"line":63,"column":29},"end":{"line":63,"column":50}},"21":{"start":{"line":64,"column":4},"end":{"line":67,"column":5}},"22":{"start":{"line":65,"column":8},"end":{"line":65,"column":72}},"23":{"start":{"line":66,"column":8},"end":{"line":66,"column":74}},"24":{"start":{"line":80,"column":8},"end":{"line":80,"column":16}},"25":{"start":{"line":83,"column":17},"end":{"line":85,"column":6}},"26":{"start":{"line":88,"column":23},"end":{"line":90,"column":6}},"27":{"start":{"line":93,"column":4},"end":{"line":96,"column":5}},"28":{"start":{"line":94,"column":8},"end":{"line":94,"column":105}},"29":{"start":{"line":95,"column":8},"end":{"line":95,"column":116}},"30":{"start":{"line":99,"column":4},"end":{"line":103,"column":5}},"31":{"start":{"line":101,"column":8},"end":{"line":101,"column":46}},"32":{"start":{"line":102,"column":8},"end":{"line":102,"column":73}},"33":{"start":{"line":106,"column":4},"end":{"line":106,"column":173}},"34":{"start":{"line":108,"column":4},"end":{"line":174,"column":5}},"35":{"start":{"line":110,"column":26},"end":{"line":110,"column":40}},"36":{"start":{"line":111,"column":25},"end":{"line":111,"column":62}},"37":{"start":{"line":112,"column":31},"end":{"line":112,"column":71}},"38":{"start":{"line":113,"column":29},"end":{"line":113,"column":84}},"39":{"start":{"line":116,"column":8},"end":{"line":119,"column":9}},"40":{"start":{"line":117,"column":12},"end":{"line":117,"column":57}},"41":{"start":{"line":118,"column":12},"end":{"line":118,"column":84}},"42":{"start":{"line":121,"column":30},"end":{"line":127,"column":10}},"43":{"start":{"line":129,"column":8},"end":{"line":132,"column":9}},"44":{"start":{"line":130,"column":12},"end":{"line":130,"column":66}},"45":{"start":{"line":131,"column":12},"end":{"line":131,"column":121}},"46":{"start":{"line":136,"column":35},"end":{"line":136,"column":37}},"47":{"start":{"line":138,"column":12},"end":{"line":140,"column":13}},"48":{"start":{"line":138,"column":25},"end":{"line":138,"column":26}},"49":{"start":{"line":139,"column":16},"end":{"line":139,"column":50}},"50":{"start":{"line":142,"column":12},"end":{"line":142,"column":34}},"51":{"start":{"line":144,"column":31},"end":{"line":144,"column":70}},"52":{"start":{"line":147,"column":31},"end":{"line":166,"column":10}},"53":{"start":{"line":168,"column":8},"end":{"line":168,"column":55}},"54":{"start":{"line":169,"column":8},"end":{"line":169,"column":106}},"55":{"start":{"line":172,"column":8},"end":{"line":172,"column":62}},"56":{"start":{"line":173,"column":8},"end":{"line":173,"column":74}}},"fnMap":{"0":{"name":"(anonymous_0)","decl":{"start":{"line":7,"column":22},"end":{"line":7,"column":23}},"loc":{"start":{"line":7,"column":42},"end":{"line":31,"column":1}},"line":7},"1":{"name":"(anonymous_1)","decl":{"start":{"line":34,"column":25},"end":{"line":34,"column":26}},"loc":{"start":{"line":34,"column":45},"end":{"line":58,"column":1}},"line":34},"2":{"name":"(anonymous_2)","decl":{"start":{"line":61,"column":17},"end":{"line":61,"column":18}},"loc":{"start":{"line":61,"column":37},"end":{"line":175,"column":1}},"line":61},"3":{"name":"convertTicketToSeat","decl":{"start":{"line":135,"column":23},"end":{"line":135,"column":42}},"loc":{"start":{"line":135,"column":57},"end":{"line":143,"column":9}},"line":135}},"branchMap":{"0":{"loc":{"start":{"line":17,"column":8},"end":{"line":21,"column":9}},"type":"if","locations":[{"start":{"line":17,"column":8},"end":{"line":21,"column":9}},{"start":{},"end":{}}],"line":17},"1":{"loc":{"start":{"line":17,"column":12},"end":{"line":17,"column":42}},"type":"binary-expr","locations":[{"start":{"line":17,"column":12},"end":{"line":17,"column":19}},{"start":{"line":17,"column":23},"end":{"line":17,"column":42}}],"line":17},"2":{"loc":{"start":{"line":47,"column":8},"end":{"line":49,"column":9}},"type":"if","locations":[{"start":{"line":47,"column":8},"end":{"line":49,"column":9}},{"start":{},"end":{}}],"line":47},"3":{"loc":{"start":{"line":64,"column":4},"end":{"line":67,"column":5}},"type":"if","locations":[{"start":{"line":64,"column":4},"end":{"line":67,"column":5}},{"start":{},"end":{}}],"line":64},"4":{"loc":{"start":{"line":93,"column":4},"end":{"line":96,"column":5}},"type":"if","locations":[{"start":{"line":93,"column":4},"end":{"line":96,"column":5}},{"start":{},"end":{}}],"line":93},"5":{"loc":{"start":{"line":99,"column":4},"end":{"line":103,"column":5}},"type":"if","locations":[{"start":{"line":99,"column":4},"end":{"line":103,"column":5}},{"start":{},"end":{}}],"line":99},"6":{"loc":{"start":{"line":113,"column":29},"end":{"line":113,"column":84}},"type":"cond-expr","locations":[{"start":{"line":113,"column":39},"end":{"line":113,"column":77}},{"start":{"line":113,"column":80},"end":{"line":113,"column":84}}],"line":113},"7":{"loc":{"start":{"line":116,"column":8},"end":{"line":119,"column":9}},"type":"if","locations":[{"start":{"line":116,"column":8},"end":{"line":119,"column":9}},{"start":{},"end":{}}],"line":116},"8":{"loc":{"start":{"line":116,"column":12},"end":{"line":116,"column":124}},"type":"binary-expr","locations":[{"start":{"line":116,"column":12},"end":{"line":116,"column":38}},{"start":{"line":116,"column":42},"end":{"line":116,"column":73}},{"start":{"line":116,"column":78},"end":{"line":116,"column":90}},{"start":{"line":116,"column":94},"end":{"line":116,"column":123}}],"line":116},"9":{"loc":{"start":{"line":129,"column":8},"end":{"line":132,"column":9}},"type":"if","locations":[{"start":{"line":129,"column":8},"end":{"line":132,"column":9}},{"start":{},"end":{}}],"line":129}},"s":{"0":1,"1":1,"2":0,"3":0,"4":0,"5":0,"6":0,"7":0,"8":0,"9":1,"10":0,"11":0,"12":0,"13":0,"14":0,"15":0,"16":0,"17":0,"18":0,"19":1,"20":0,"21":0,"22":0,"23":0,"24":0,"25":0,"26":0,"27":0,"28":0,"29":0,"30":0,"31":0,"32":0,"33":0,"34":0,"35":0,"36":0,"37":0,"38":0,"39":0,"40":0,"41":0,"42":0,"43":0,"44":0,"45":0,"46":0,"47":0,"48":0,"49":0,"50":0,"51":0,"52":0,"53":0,"54":0,"55":0,"56":0},"f":{"0":0,"1":0,"2":0,"3":0},"b":{"0":[0,0],"1":[0,0],"2":[0,0],"3":[0,0],"4":[0,0],"5":[0,0],"6":[0,0],"7":[0,0],"8":[0,0,0,0],"9":[0,0]},"_coverageSchema":"1a1c01bbd47fc00a2c39e90264f33305004495a9","hash":"982882f97290d59dfbab5f1a06a58b3d5334cb4b"}
,"E:\\WebDev\\e-Ticket\\src\\controllers\\host.Controller.js": {"path":"E:\\WebDev\\e-Ticket\\src\\controllers\\host.Controller.js","statementMap":{"0":{"start":{"line":8,"column":0},"end":{"line":8,"column":13}},"1":{"start":{"line":9,"column":19},"end":{"line":9,"column":52}},"2":{"start":{"line":10,"column":15},"end":{"line":10,"column":33}},"3":{"start":{"line":13,"column":21},"end":{"line":53,"column":1}},"4":{"start":{"line":15,"column":51},"end":{"line":15,"column":59}},"5":{"start":{"line":17,"column":4},"end":{"line":51,"column":5}},"6":{"start":{"line":19,"column":29},"end":{"line":23,"column":10}},"7":{"start":{"line":25,"column":8},"end":{"line":27,"column":9}},"8":{"start":{"line":26,"column":12},"end":{"line":26,"column":92}},"9":{"start":{"line":29,"column":31},"end":{"line":29,"column":70}},"10":{"start":{"line":31,"column":24},"end":{"line":38,"column":10}},"11":{"start":{"line":40,"column":8},"end":{"line":40,"column":60}},"12":{"start":{"line":41,"column":8},"end":{"line":41,"column":30}},"13":{"start":{"line":45,"column":8},"end":{"line":45,"column":63}},"14":{"start":{"line":46,"column":8},"end":{"line":46,"column":54}},"15":{"start":{"line":50,"column":8},"end":{"line":50,"column":35}},"16":{"start":{"line":56,"column":0},"end":{"line":82,"column":2}},"17":{"start":{"line":59,"column":4},"end":{"line":80,"column":5}},"18":{"start":{"line":61,"column":21},"end":{"line":63,"column":10}},"19":{"start":{"line":65,"column":8},"end":{"line":67,"column":9}},"20":{"start":{"line":66,"column":10},"end":{"line":66,"column":66}},"21":{"start":{"line":69,"column":32},"end":{"line":69,"column":77}},"22":{"start":{"line":71,"column":8},"end":{"line":73,"column":9}},"23":{"start":{"line":72,"column":10},"end":{"line":72,"column":70}},"24":{"start":{"line":75,"column":8},"end":{"line":75,"column":32}},"25":{"start":{"line":78,"column":8},"end":{"line":78,"column":66}},"26":{"start":{"line":79,"column":8},"end":{"line":79,"column":27}},"27":{"start":{"line":85,"column":18},"end":{"line":116,"column":1}},"28":{"start":{"line":87,"column":2},"end":{"line":115,"column":21}},"29":{"start":{"line":89,"column":4},"end":{"line":89,"column":30}},"30":{"start":{"line":89,"column":13},"end":{"line":89,"column":30}},"31":{"start":{"line":90,"column":4},"end":{"line":90,"column":76}},"32":{"start":{"line":90,"column":15},"end":{"line":90,"column":76}},"33":{"start":{"line":93,"column":24},"end":{"line":93,"column":49}},"34":{"start":{"line":94,"column":25},"end":{"line":94,"column":51}},"35":{"start":{"line":97,"column":4},"end":{"line":100,"column":7}},"36":{"start":{"line":103,"column":4},"end":{"line":106,"column":8}},"37":{"start":{"line":108,"column":4},"end":{"line":111,"column":7}},"38":{"start":{"line":114,"column":4},"end":{"line":114,"column":36}},"39":{"start":{"line":119,"column":17},"end":{"line":163,"column":1}},"40":{"start":{"line":121,"column":90},"end":{"line":121,"column":98}},"41":{"start":{"line":122,"column":2},"end":{"line":122,"column":112}},"42":{"start":{"line":125,"column":15},"end":{"line":127,"column":4}},"43":{"start":{"line":129,"column":2},"end":{"line":162,"column":3}},"44":{"start":{"line":131,"column":26},"end":{"line":136,"column":6}},"45":{"start":{"line":138,"column":4},"end":{"line":138,"column":87}},"46":{"start":{"line":138,"column":23},"end":{"line":138,"column":87}},"47":{"start":{"line":141,"column":21},"end":{"line":153,"column":6}},"48":{"start":{"line":156,"column":4},"end":{"line":156,"column":58}},"49":{"start":{"line":157,"column":4},"end":{"line":157,"column":91}},"50":{"start":{"line":160,"column":4},"end":{"line":160,"column":58}},"51":{"start":{"line":161,"column":4},"end":{"line":161,"column":63}},"52":{"start":{"line":166,"column":27},"end":{"line":214,"column":1}},"53":{"start":{"line":168,"column":63},"end":{"line":168,"column":71}},"54":{"start":{"line":170,"column":2},"end":{"line":213,"column":3}},"55":{"start":{"line":171,"column":4},"end":{"line":209,"column":6}},"56":{"start":{"line":173,"column":19},"end":{"line":175,"column":8}},"57":{"start":{"line":177,"column":6},"end":{"line":177,"column":107}},"58":{"start":{"line":177,"column":17},"end":{"line":177,"column":107}},"59":{"start":{"line":180,"column":25},"end":{"line":182,"column":8}},"60":{"start":{"line":184,"column":6},"end":{"line":184,"column":89}},"61":{"start":{"line":184,"column":23},"end":{"line":184,"column":89}},"62":{"start":{"line":187,"column":33},"end":{"line":187,"column":81}},"63":{"start":{"line":189,"column":6},"end":{"line":189,"column":94}},"64":{"start":{"line":189,"column":31},"end":{"line":189,"column":94}},"65":{"start":{"line":192,"column":6},"end":{"line":194,"column":7}},"66":{"start":{"line":193,"column":8},"end":{"line":193,"column":102}},"67":{"start":{"line":197,"column":29},"end":{"line":197,"column":71}},"68":{"start":{"line":200,"column":30},"end":{"line":203,"column":8}},"69":{"start":{"line":206,"column":6},"end":{"line":206,"column":75}},"70":{"start":{"line":207,"column":6},"end":{"line":207,"column":80}},"71":{"start":{"line":211,"column":4},"end":{"line":211,"column":59}},"72":{"start":{"line":212,"column":4},"end":{"line":212,"column":87}}},"fnMap":{"0":{"name":"(anonymous_0)","decl":{"start":{"line":13,"column":21},"end":{"line":13,"column":22}},"loc":{"start":{"line":13,"column":41},"end":{"line":53,"column":1}},"line":13},"1":{"name":"verify","decl":{"start":{"line":58,"column":63},"end":{"line":58,"column":69}},"loc":{"start":{"line":58,"column":94},"end":{"line":81,"column":3}},"line":58},"2":{"name":"(anonymous_2)","decl":{"start":{"line":85,"column":18},"end":{"line":85,"column":19}},"loc":{"start":{"line":85,"column":38},"end":{"line":116,"column":1}},"line":85},"3":{"name":"(anonymous_3)","decl":{"start":{"line":87,"column":38},"end":{"line":87,"column":39}},"loc":{"start":{"line":87,"column":65},"end":{"line":115,"column":3}},"line":87},"4":{"name":"(anonymous_4)","decl":{"start":{"line":119,"column":17},"end":{"line":119,"column":18}},"loc":{"start":{"line":119,"column":36},"end":{"line":163,"column":1}},"line":119},"5":{"name":"(anonymous_5)","decl":{"start":{"line":166,"column":27},"end":{"line":166,"column":28}},"loc":{"start":{"line":166,"column":47},"end":{"line":214,"column":1}},"line":166},"6":{"name":"(anonymous_6)","decl":{"start":{"line":171,"column":25},"end":{"line":171,"column":26}},"loc":{"start":{"line":171,"column":43},"end":{"line":209,"column":5}},"line":171}},"branchMap":{"0":{"loc":{"start":{"line":25,"column":8},"end":{"line":27,"column":9}},"type":"if","locations":[{"start":{"line":25,"column":8},"end":{"line":27,"column":9}},{"start":{},"end":{}}],"line":25},"1":{"loc":{"start":{"line":65,"column":8},"end":{"line":67,"column":9}},"type":"if","locations":[{"start":{"line":65,"column":8},"end":{"line":67,"column":9}},{"start":{},"end":{}}],"line":65},"2":{"loc":{"start":{"line":71,"column":8},"end":{"line":73,"column":9}},"type":"if","locations":[{"start":{"line":71,"column":8},"end":{"line":73,"column":9}},{"start":{},"end":{}}],"line":71},"3":{"loc":{"start":{"line":89,"column":4},"end":{"line":89,"column":30}},"type":"if","locations":[{"start":{"line":89,"column":4},"end":{"line":89,"column":30}},{"start":{},"end":{}}],"line":89},"4":{"loc":{"start":{"line":90,"column":4},"end":{"line":90,"column":76}},"type":"if","locations":[{"start":{"line":90,"column":4},"end":{"line":90,"column":76}},{"start":{},"end":{}}],"line":90},"5":{"loc":{"start":{"line":138,"column":4},"end":{"line":138,"column":87}},"type":"if","locations":[{"start":{"line":138,"column":4},"end":{"line":138,"column":87}},{"start":{},"end":{}}],"line":138},"6":{"loc":{"start":{"line":177,"column":6},"end":{"line":177,"column":107}},"type":"if","locations":[{"start":{"line":177,"column":6},"end":{"line":177,"column":107}},{"start":{},"end":{}}],"line":177},"7":{"loc":{"start":{"line":184,"column":6},"end":{"line":184,"column":89}},"type":"if","locations":[{"start":{"line":184,"column":6},"end":{"line":184,"column":89}},{"start":{},"end":{}}],"line":184},"8":{"loc":{"start":{"line":189,"column":6},"end":{"line":189,"column":94}},"type":"if","locations":[{"start":{"line":189,"column":6},"end":{"line":189,"column":94}},{"start":{},"end":{}}],"line":189},"9":{"loc":{"start":{"line":192,"column":6},"end":{"line":194,"column":7}},"type":"if","locations":[{"start":{"line":192,"column":6},"end":{"line":194,"column":7}},{"start":{},"end":{}}],"line":192}},"s":{"0":1,"1":1,"2":1,"3":1,"4":0,"5":0,"6":0,"7":0,"8":0,"9":0,"10":0,"11":0,"12":0,"13":0,"14":0,"15":0,"16":1,"17":0,"18":0,"19":0,"20":0,"21":0,"22":0,"23":0,"24":0,"25":0,"26":0,"27":1,"28":0,"29":0,"30":0,"31":0,"32":0,"33":0,"34":0,"35":0,"36":0,"37":0,"38":0,"39":1,"40":0,"41":0,"42":0,"43":0,"44":0,"45":0,"46":0,"47":0,"48":0,"49":0,"50":0,"51":0,"52":1,"53":0,"54":0,"55":0,"56":0,"57":0,"58":0,"59":0,"60":0,"61":0,"62":0,"63":0,"64":0,"65":0,"66":0,"67":0,"68":0,"69":0,"70":0,"71":0,"72":0},"f":{"0":0,"1":0,"2":0,"3":0,"4":0,"5":0,"6":0},"b":{"0":[0,0],"1":[0,0],"2":[0,0],"3":[0,0],"4":[0,0],"5":[0,0],"6":[0,0],"7":[0,0],"8":[0,0],"9":[0,0]},"_coverageSchema":"1a1c01bbd47fc00a2c39e90264f33305004495a9","hash":"f22895a5f5a4326c1a3b11b0e993b0944ff65461"}
,"E:\\WebDev\\e-Ticket\\src\\controllers\\tickets.Controller.js": {"path":"E:\\WebDev\\e-Ticket\\src\\controllers\\tickets.Controller.js","statementMap":{"0":{"start":{"line":3,"column":15},"end":{"line":3,"column":33}},"1":{"start":{"line":8,"column":8},"end":{"line":8,"column":29}},"2":{"start":{"line":9,"column":8},"end":{"line":9,"column":31}},"3":{"start":{"line":10,"column":8},"end":{"line":10,"column":27}},"4":{"start":{"line":11,"column":8},"end":{"line":11,"column":37}},"5":{"start":{"line":16,"column":8},"end":{"line":99,"column":9}},"6":{"start":{"line":18,"column":25},"end":{"line":20,"column":14}},"7":{"start":{"line":22,"column":12},"end":{"line":24,"column":13}},"8":{"start":{"line":23,"column":16},"end":{"line":23,"column":79}},"9":{"start":{"line":26,"column":31},"end":{"line":26,"column":50}},"10":{"start":{"line":27,"column":27},"end":{"line":27,"column":34}},"11":{"start":{"line":28,"column":28},"end":{"line":28,"column":60}},"12":{"start":{"line":30,"column":27},"end":{"line":91,"column":14}},"13":{"start":{"line":32,"column":30},"end":{"line":39,"column":18}},"14":{"start":{"line":41,"column":16},"end":{"line":43,"column":17}},"15":{"start":{"line":42,"column":20},"end":{"line":42,"column":55}},"16":{"start":{"line":45,"column":66},"end":{"line":45,"column":71}},"17":{"start":{"line":47,"column":16},"end":{"line":49,"column":17}},"18":{"start":{"line":48,"column":20},"end":{"line":48,"column":57}},"19":{"start":{"line":52,"column":40},"end":{"line":52,"column":78}},"20":{"start":{"line":55,"column":16},"end":{"line":57,"column":17}},"21":{"start":{"line":56,"column":20},"end":{"line":56,"column":76}},"22":{"start":{"line":60,"column":35},"end":{"line":63,"column":18}},"23":{"start":{"line":65,"column":37},"end":{"line":65,"column":81}},"24":{"start":{"line":68,"column":46},"end":{"line":68,"column":101}},"25":{"start":{"line":68,"column":76},"end":{"line":68,"column":100}},"26":{"start":{"line":71,"column":38},"end":{"line":79,"column":18}},"27":{"start":{"line":82,"column":16},"end":{"line":88,"column":19}},"28":{"start":{"line":90,"column":16},"end":{"line":90,"column":37}},"29":{"start":{"line":93,"column":12},"end":{"line":93,"column":64}},"30":{"start":{"line":94,"column":12},"end":{"line":94,"column":63}},"31":{"start":{"line":97,"column":12},"end":{"line":97,"column":67}},"32":{"start":{"line":98,"column":12},"end":{"line":98,"column":68}},"33":{"start":{"line":104,"column":29},"end":{"line":104,"column":39}},"34":{"start":{"line":105,"column":8},"end":{"line":105,"column":45}},"35":{"start":{"line":107,"column":8},"end":{"line":161,"column":9}},"36":{"start":{"line":109,"column":27},"end":{"line":131,"column":14}},"37":{"start":{"line":133,"column":12},"end":{"line":133,"column":52}},"38":{"start":{"line":135,"column":12},"end":{"line":137,"column":13}},"39":{"start":{"line":136,"column":16},"end":{"line":136,"column":77}},"40":{"start":{"line":140,"column":37},"end":{"line":149,"column":13}},"41":{"start":{"line":151,"column":12},"end":{"line":151,"column":71}},"42":{"start":{"line":153,"column":12},"end":{"line":156,"column":15}},"43":{"start":{"line":159,"column":12},"end":{"line":159,"column":69}},"44":{"start":{"line":160,"column":12},"end":{"line":160,"column":110}},"45":{"start":{"line":166,"column":8},"end":{"line":243,"column":9}},"46":{"start":{"line":168,"column":33},"end":{"line":168,"column":43}},"47":{"start":{"line":169,"column":38},"end":{"line":169,"column":46}},"48":{"start":{"line":172,"column":25},"end":{"line":174,"column":14}},"49":{"start":{"line":176,"column":12},"end":{"line":178,"column":13}},"50":{"start":{"line":177,"column":17},"end":{"line":177,"column":80}},"51":{"start":{"line":180,"column":12},"end":{"line":182,"column":13}},"52":{"start":{"line":181,"column":16},"end":{"line":181,"column":81}},"53":{"start":{"line":184,"column":27},"end":{"line":233,"column":14}},"54":{"start":{"line":186,"column":31},"end":{"line":189,"column":18}},"55":{"start":{"line":191,"column":16},"end":{"line":193,"column":17}},"56":{"start":{"line":192,"column":20},"end":{"line":192,"column":57}},"57":{"start":{"line":196,"column":16},"end":{"line":198,"column":17}},"58":{"start":{"line":197,"column":20},"end":{"line":197,"column":67}},"59":{"start":{"line":201,"column":16},"end":{"line":211,"column":19}},"60":{"start":{"line":214,"column":16},"end":{"line":220,"column":19}},"61":{"start":{"line":223,"column":16},"end":{"line":229,"column":19}},"62":{"start":{"line":231,"column":16},"end":{"line":231,"column":72}},"63":{"start":{"line":235,"column":12},"end":{"line":238,"column":14}},"64":{"start":{"line":241,"column":12},"end":{"line":241,"column":68}},"65":{"start":{"line":242,"column":12},"end":{"line":242,"column":67}}},"fnMap":{"0":{"name":"(anonymous_0)","decl":{"start":{"line":7,"column":4},"end":{"line":7,"column":5}},"loc":{"start":{"line":7,"column":59},"end":{"line":12,"column":5}},"line":7},"1":{"name":"(anonymous_1)","decl":{"start":{"line":15,"column":4},"end":{"line":15,"column":5}},"loc":{"start":{"line":15,"column":37},"end":{"line":100,"column":5}},"line":15},"2":{"name":"(anonymous_2)","decl":{"start":{"line":30,"column":53},"end":{"line":30,"column":54}},"loc":{"start":{"line":30,"column":71},"end":{"line":91,"column":13}},"line":30},"3":{"name":"(anonymous_3)","decl":{"start":{"line":68,"column":68},"end":{"line":68,"column":69}},"loc":{"start":{"line":68,"column":76},"end":{"line":68,"column":100}},"line":68},"4":{"name":"(anonymous_4)","decl":{"start":{"line":103,"column":4},"end":{"line":103,"column":5}},"loc":{"start":{"line":103,"column":46},"end":{"line":162,"column":5}},"line":103},"5":{"name":"(anonymous_5)","decl":{"start":{"line":165,"column":4},"end":{"line":165,"column":5}},"loc":{"start":{"line":165,"column":41},"end":{"line":244,"column":5}},"line":165},"6":{"name":"(anonymous_6)","decl":{"start":{"line":184,"column":54},"end":{"line":184,"column":55}},"loc":{"start":{"line":184,"column":72},"end":{"line":233,"column":13}},"line":184}},"branchMap":{"0":{"loc":{"start":{"line":7,"column":40},"end":{"line":7,"column":57}},"type":"default-arg","locations":[{"start":{"line":7,"column":53},"end":{"line":7,"column":57}}],"line":7},"1":{"loc":{"start":{"line":22,"column":12},"end":{"line":24,"column":13}},"type":"if","locations":[{"start":{"line":22,"column":12},"end":{"line":24,"column":13}},{"start":{},"end":{}}],"line":22},"2":{"loc":{"start":{"line":41,"column":16},"end":{"line":43,"column":17}},"type":"if","locations":[{"start":{"line":41,"column":16},"end":{"line":43,"column":17}},{"start":{},"end":{}}],"line":41},"3":{"loc":{"start":{"line":47,"column":16},"end":{"line":49,"column":17}},"type":"if","locations":[{"start":{"line":47,"column":16},"end":{"line":49,"column":17}},{"start":{},"end":{}}],"line":47},"4":{"loc":{"start":{"line":52,"column":40},"end":{"line":52,"column":78}},"type":"cond-expr","locations":[{"start":{"line":52,"column":53},"end":{"line":52,"column":71}},{"start":{"line":52,"column":74},"end":{"line":52,"column":78}}],"line":52},"5":{"loc":{"start":{"line":55,"column":16},"end":{"line":57,"column":17}},"type":"if","locations":[{"start":{"line":55,"column":16},"end":{"line":57,"column":17}},{"start":{},"end":{}}],"line":55},"6":{"loc":{"start":{"line":55,"column":20},"end":{"line":55,"column":81}},"type":"binary-expr","locations":[{"start":{"line":55,"column":20},"end":{"line":55,"column":36}},{"start":{"line":55,"column":40},"end":{"line":55,"column":81}}],"line":55},"7":{"loc":{"start":{"line":65,"column":37},"end":{"line":65,"column":81}},"type":"cond-expr","locations":[{"start":{"line":65,"column":50},"end":{"line":65,"column":77}},{"start":{"line":65,"column":80},"end":{"line":65,"column":81}}],"line":65},"8":{"loc":{"start":{"line":135,"column":12},"end":{"line":137,"column":13}},"type":"if","locations":[{"start":{"line":135,"column":12},"end":{"line":137,"column":13}},{"start":{},"end":{}}],"line":135},"9":{"loc":{"start":{"line":176,"column":12},"end":{"line":178,"column":13}},"type":"if","locations":[{"start":{"line":176,"column":12},"end":{"line":178,"column":13}},{"start":{},"end":{}}],"line":176},"10":{"loc":{"start":{"line":180,"column":12},"end":{"line":182,"column":13}},"type":"if","locations":[{"start":{"line":180,"column":12},"end":{"line":182,"column":13}},{"start":{},"end":{}}],"line":180},"11":{"loc":{"start":{"line":191,"column":16},"end":{"line":193,"column":17}},"type":"if","locations":[{"start":{"line":191,"column":16},"end":{"line":193,"column":17}},{"start":{},"end":{}}],"line":191},"12":{"loc":{"start":{"line":196,"column":16},"end":{"line":198,"column":17}},"type":"if","locations":[{"start":{"line":196,"column":16},"end":{"line":198,"column":17}},{"start":{},"end":{}}],"line":196},"13":{"loc":{"start":{"line":208,"column":32},"end":{"line":208,"column":46}},"type":"binary-expr","locations":[{"start":{"line":208,"column":32},"end":{"line":208,"column":38}},{"start":{"line":208,"column":42},"end":{"line":208,"column":46}}],"line":208},"14":{"loc":{"start":{"line":209,"column":32},"end":{"line":209,"column":58}},"type":"binary-expr","locations":[{"start":{"line":209,"column":32},"end":{"line":209,"column":50}},{"start":{"line":209,"column":54},"end":{"line":209,"column":58}}],"line":209}},"s":{"0":1,"1":0,"2":0,"3":0,"4":0,"5":0,"6":0,"7":0,"8":0,"9":0,"10":0,"11":0,"12":0,"13":0,"14":0,"15":0,"16":0,"17":0,"18":0,"19":0,"20":0,"21":0,"22":0,"23":0,"24":0,"25":0,"26":0,"27":0,"28":0,"29":0,"30":0,"31":0,"32":0,"33":0,"34":0,"35":0,"36":0,"37":0,"38":0,"39":0,"40":0,"41":0,"42":0,"43":0,"44":0,"45":0,"46":0,"47":0,"48":0,"49":0,"50":0,"51":0,"52":0,"53":0,"54":0,"55":0,"56":0,"57":0,"58":0,"59":0,"60":0,"61":0,"62":0,"63":0,"64":0,"65":0},"f":{"0":0,"1":0,"2":0,"3":0,"4":0,"5":0,"6":0},"b":{"0":[0],"1":[0,0],"2":[0,0],"3":[0,0],"4":[0,0],"5":[0,0],"6":[0,0],"7":[0,0],"8":[0,0],"9":[0,0],"10":[0,0],"11":[0,0],"12":[0,0],"13":[0,0],"14":[0,0]},"_coverageSchema":"1a1c01bbd47fc00a2c39e90264f33305004495a9","hash":"090f47adb1d721b3f498d19926f97fa5bdc577af"}
,"E:\\WebDev\\e-Ticket\\src\\controllers\\user.Controllers.js": {"path":"E:\\WebDev\\e-Ticket\\src\\controllers\\user.Controllers.js","statementMap":{"0":{"start":{"line":13,"column":0},"end":{"line":13,"column":13}},"1":{"start":{"line":14,"column":19},"end":{"line":14,"column":52}},"2":{"start":{"line":15,"column":15},"end":{"line":15,"column":33}},"3":{"start":{"line":18,"column":21},"end":{"line":53,"column":1}},"4":{"start":{"line":20,"column":49},"end":{"line":20,"column":57}},"5":{"start":{"line":22,"column":2},"end":{"line":52,"column":3}},"6":{"start":{"line":24,"column":25},"end":{"line":28,"column":6}},"7":{"start":{"line":30,"column":4},"end":{"line":34,"column":5}},"8":{"start":{"line":31,"column":6},"end":{"line":33,"column":66}},"9":{"start":{"line":36,"column":27},"end":{"line":36,"column":66}},"10":{"start":{"line":38,"column":20},"end":{"line":45,"column":6}},"11":{"start":{"line":47,"column":4},"end":{"line":47,"column":58}},"12":{"start":{"line":48,"column":4},"end":{"line":48,"column":26}},"13":{"start":{"line":50,"column":4},"end":{"line":50,"column":56}},"14":{"start":{"line":51,"column":4},"end":{"line":51,"column":63}},"15":{"start":{"line":57,"column":0},"end":{"line":86,"column":2}},"16":{"start":{"line":64,"column":4},"end":{"line":84,"column":5}},"17":{"start":{"line":66,"column":19},"end":{"line":68,"column":8}},"18":{"start":{"line":70,"column":6},"end":{"line":72,"column":7}},"19":{"start":{"line":71,"column":8},"end":{"line":71,"column":69}},"20":{"start":{"line":74,"column":30},"end":{"line":74,"column":75}},"21":{"start":{"line":76,"column":6},"end":{"line":78,"column":7}},"22":{"start":{"line":77,"column":8},"end":{"line":77,"column":68}},"23":{"start":{"line":80,"column":6},"end":{"line":80,"column":30}},"24":{"start":{"line":82,"column":6},"end":{"line":82,"column":65}},"25":{"start":{"line":83,"column":6},"end":{"line":83,"column":25}},"26":{"start":{"line":89,"column":18},"end":{"line":129,"column":2}},"27":{"start":{"line":91,"column":2},"end":{"line":128,"column":21}},"28":{"start":{"line":92,"column":4},"end":{"line":94,"column":5}},"29":{"start":{"line":93,"column":6},"end":{"line":93,"column":72}},"30":{"start":{"line":95,"column":4},"end":{"line":97,"column":5}},"31":{"start":{"line":96,"column":6},"end":{"line":96,"column":72}},"32":{"start":{"line":100,"column":24},"end":{"line":100,"column":49}},"33":{"start":{"line":101,"column":25},"end":{"line":101,"column":51}},"34":{"start":{"line":104,"column":4},"end":{"line":111,"column":9}},"35":{"start":{"line":110,"column":8},"end":{"line":110,"column":71}},"36":{"start":{"line":114,"column":4},"end":{"line":118,"column":7}},"37":{"start":{"line":120,"column":4},"end":{"line":124,"column":7}},"38":{"start":{"line":127,"column":4},"end":{"line":127,"column":34}},"39":{"start":{"line":132,"column":23},"end":{"line":213,"column":1}},"40":{"start":{"line":133,"column":2},"end":{"line":212,"column":3}},"41":{"start":{"line":145,"column":8},"end":{"line":145,"column":16}},"42":{"start":{"line":148,"column":17},"end":{"line":150,"column":6}},"43":{"start":{"line":153,"column":28},"end":{"line":159,"column":5}},"44":{"start":{"line":154,"column":6},"end":{"line":158,"column":8}},"45":{"start":{"line":156,"column":23},"end":{"line":156,"column":58}},"46":{"start":{"line":162,"column":27},"end":{"line":162,"column":77}},"47":{"start":{"line":163,"column":30},"end":{"line":170,"column":6}},"48":{"start":{"line":174,"column":4},"end":{"line":179,"column":5}},"49":{"start":{"line":175,"column":6},"end":{"line":178,"column":9}},"50":{"start":{"line":182,"column":28},"end":{"line":184,"column":6}},"51":{"start":{"line":186,"column":4},"end":{"line":201,"column":5}},"52":{"start":{"line":188,"column":6},"end":{"line":194,"column":7}},"53":{"start":{"line":189,"column":8},"end":{"line":192,"column":11}},"54":{"start":{"line":193,"column":8},"end":{"line":193,"column":44}},"55":{"start":{"line":195,"column":11},"end":{"line":201,"column":5}},"56":{"start":{"line":197,"column":6},"end":{"line":199,"column":9}},"57":{"start":{"line":200,"column":6},"end":{"line":200,"column":46}},"58":{"start":{"line":203,"column":4},"end":{"line":203,"column":66}},"59":{"start":{"line":204,"column":4},"end":{"line":206,"column":62}},"60":{"start":{"line":208,"column":4},"end":{"line":208,"column":54}},"61":{"start":{"line":209,"column":4},"end":{"line":211,"column":70}},"62":{"start":{"line":216,"column":18},"end":{"line":255,"column":1}},"63":{"start":{"line":217,"column":15},"end":{"line":219,"column":4}},"64":{"start":{"line":221,"column":2},"end":{"line":254,"column":3}},"65":{"start":{"line":223,"column":23},"end":{"line":243,"column":6}},"66":{"start":{"line":245,"column":4},"end":{"line":246,"column":66}},"67":{"start":{"line":246,"column":6},"end":{"line":246,"column":66}},"68":{"start":{"line":248,"column":4},"end":{"line":250,"column":7}},"69":{"start":{"line":252,"column":4},"end":{"line":252,"column":58}},"70":{"start":{"line":253,"column":4},"end":{"line":253,"column":70}},"71":{"start":{"line":258,"column":27},"end":{"line":314,"column":1}},"72":{"start":{"line":260,"column":63},"end":{"line":260,"column":71}},"73":{"start":{"line":262,"column":2},"end":{"line":313,"column":3}},"74":{"start":{"line":263,"column":4},"end":{"line":307,"column":7}},"75":{"start":{"line":265,"column":19},"end":{"line":267,"column":8}},"76":{"start":{"line":269,"column":6},"end":{"line":270,"column":74}},"77":{"start":{"line":270,"column":8},"end":{"line":270,"column":74}},"78":{"start":{"line":273,"column":25},"end":{"line":275,"column":8}},"79":{"start":{"line":277,"column":6},"end":{"line":278,"column":66}},"80":{"start":{"line":278,"column":8},"end":{"line":278,"column":66}},"81":{"start":{"line":281,"column":33},"end":{"line":284,"column":7}},"82":{"start":{"line":285,"column":6},"end":{"line":286,"column":71}},"83":{"start":{"line":286,"column":8},"end":{"line":286,"column":71}},"84":{"start":{"line":289,"column":6},"end":{"line":293,"column":7}},"85":{"start":{"line":290,"column":8},"end":{"line":292,"column":11}},"86":{"start":{"line":296,"column":29},"end":{"line":296,"column":71}},"87":{"start":{"line":299,"column":30},"end":{"line":302,"column":8}},"88":{"start":{"line":305,"column":6},"end":{"line":305,"column":69}},"89":{"start":{"line":306,"column":6},"end":{"line":306,"column":80}},"90":{"start":{"line":309,"column":4},"end":{"line":309,"column":54}},"91":{"start":{"line":310,"column":4},"end":{"line":312,"column":74}}},"fnMap":{"0":{"name":"(anonymous_0)","decl":{"start":{"line":18,"column":21},"end":{"line":18,"column":22}},"loc":{"start":{"line":18,"column":41},"end":{"line":53,"column":1}},"line":18},"1":{"name":"verify","decl":{"start":{"line":59,"column":63},"end":{"line":59,"column":69}},"loc":{"start":{"line":63,"column":4},"end":{"line":85,"column":3}},"line":63},"2":{"name":"(anonymous_2)","decl":{"start":{"line":89,"column":31},"end":{"line":89,"column":32}},"loc":{"start":{"line":89,"column":57},"end":{"line":129,"column":1}},"line":89},"3":{"name":"(anonymous_3)","decl":{"start":{"line":91,"column":38},"end":{"line":91,"column":39}},"loc":{"start":{"line":91,"column":59},"end":{"line":128,"column":3}},"line":91},"4":{"name":"(anonymous_4)","decl":{"start":{"line":109,"column":13},"end":{"line":109,"column":14}},"loc":{"start":{"line":109,"column":24},"end":{"line":111,"column":7}},"line":109},"5":{"name":"(anonymous_5)","decl":{"start":{"line":132,"column":23},"end":{"line":132,"column":24}},"loc":{"start":{"line":132,"column":43},"end":{"line":213,"column":1}},"line":132},"6":{"name":"(anonymous_6)","decl":{"start":{"line":153,"column":28},"end":{"line":153,"column":29}},"loc":{"start":{"line":153,"column":40},"end":{"line":159,"column":5}},"line":153},"7":{"name":"(anonymous_7)","decl":{"start":{"line":156,"column":10},"end":{"line":156,"column":11}},"loc":{"start":{"line":156,"column":23},"end":{"line":156,"column":58}},"line":156},"8":{"name":"(anonymous_8)","decl":{"start":{"line":216,"column":18},"end":{"line":216,"column":19}},"loc":{"start":{"line":216,"column":38},"end":{"line":255,"column":1}},"line":216},"9":{"name":"(anonymous_9)","decl":{"start":{"line":258,"column":27},"end":{"line":258,"column":28}},"loc":{"start":{"line":258,"column":47},"end":{"line":314,"column":1}},"line":258},"10":{"name":"(anonymous_10)","decl":{"start":{"line":263,"column":24},"end":{"line":263,"column":25}},"loc":{"start":{"line":263,"column":42},"end":{"line":307,"column":5}},"line":263}},"branchMap":{"0":{"loc":{"start":{"line":30,"column":4},"end":{"line":34,"column":5}},"type":"if","locations":[{"start":{"line":30,"column":4},"end":{"line":34,"column":5}},{"start":{},"end":{}}],"line":30},"1":{"loc":{"start":{"line":70,"column":6},"end":{"line":72,"column":7}},"type":"if","locations":[{"start":{"line":70,"column":6},"end":{"line":72,"column":7}},{"start":{},"end":{}}],"line":70},"2":{"loc":{"start":{"line":76,"column":6},"end":{"line":78,"column":7}},"type":"if","locations":[{"start":{"line":76,"column":6},"end":{"line":78,"column":7}},{"start":{},"end":{}}],"line":76},"3":{"loc":{"start":{"line":92,"column":4},"end":{"line":94,"column":5}},"type":"if","locations":[{"start":{"line":92,"column":4},"end":{"line":94,"column":5}},{"start":{},"end":{}}],"line":92},"4":{"loc":{"start":{"line":95,"column":4},"end":{"line":97,"column":5}},"type":"if","locations":[{"start":{"line":95,"column":4},"end":{"line":97,"column":5}},{"start":{},"end":{}}],"line":95},"5":{"loc":{"start":{"line":156,"column":23},"end":{"line":156,"column":58}},"type":"binary-expr","locations":[{"start":{"line":156,"column":23},"end":{"line":156,"column":42}},{"start":{"line":156,"column":46},"end":{"line":156,"column":58}}],"line":156},"6":{"loc":{"start":{"line":164,"column":19},"end":{"line":164,"column":66}},"type":"cond-expr","locations":[{"start":{"line":164,"column":33},"end":{"line":164,"column":54}},{"start":{"line":164,"column":57},"end":{"line":164,"column":66}}],"line":164},"7":{"loc":{"start":{"line":174,"column":4},"end":{"line":179,"column":5}},"type":"if","locations":[{"start":{"line":174,"column":4},"end":{"line":179,"column":5}},{"start":{},"end":{}}],"line":174},"8":{"loc":{"start":{"line":186,"column":4},"end":{"line":201,"column":5}},"type":"if","locations":[{"start":{"line":186,"column":4},"end":{"line":201,"column":5}},{"start":{"line":195,"column":11},"end":{"line":201,"column":5}}],"line":186},"9":{"loc":{"start":{"line":188,"column":6},"end":{"line":194,"column":7}},"type":"if","locations":[{"start":{"line":188,"column":6},"end":{"line":194,"column":7}},{"start":{},"end":{}}],"line":188},"10":{"loc":{"start":{"line":195,"column":11},"end":{"line":201,"column":5}},"type":"if","locations":[{"start":{"line":195,"column":11},"end":{"line":201,"column":5}},{"start":{},"end":{}}],"line":195},"11":{"loc":{"start":{"line":245,"column":4},"end":{"line":246,"column":66}},"type":"if","locations":[{"start":{"line":245,"column":4},"end":{"line":246,"column":66}},{"start":{},"end":{}}],"line":245},"12":{"loc":{"start":{"line":269,"column":6},"end":{"line":270,"column":74}},"type":"if","locations":[{"start":{"line":269,"column":6},"end":{"line":270,"column":74}},{"start":{},"end":{}}],"line":269},"13":{"loc":{"start":{"line":277,"column":6},"end":{"line":278,"column":66}},"type":"if","locations":[{"start":{"line":277,"column":6},"end":{"line":278,"column":66}},{"start":{},"end":{}}],"line":277},"14":{"loc":{"start":{"line":285,"column":6},"end":{"line":286,"column":71}},"type":"if","locations":[{"start":{"line":285,"column":6},"end":{"line":286,"column":71}},{"start":{},"end":{}}],"line":285},"15":{"loc":{"start":{"line":289,"column":6},"end":{"line":293,"column":7}},"type":"if","locations":[{"start":{"line":289,"column":6},"end":{"line":293,"column":7}},{"start":{},"end":{}}],"line":289}},"s":{"0":1,"1":1,"2":1,"3":1,"4":2,"5":2,"6":2,"7":2,"8":1,"9":1,"10":1,"11":1,"12":1,"13":0,"14":0,"15":1,"16":2,"17":2,"18":2,"19":0,"20":2,"21":2,"22":1,"23":1,"24":0,"25":0,"26":1,"27":2,"28":2,"29":0,"30":2,"31":1,"32":1,"33":1,"34":1,"35":0,"36":1,"37":1,"38":1,"39":1,"40":0,"41":0,"42":0,"43":0,"44":0,"45":0,"46":0,"47":0,"48":0,"49":0,"50":0,"51":0,"52":0,"53":0,"54":0,"55":0,"56":0,"57":0,"58":0,"59":0,"60":0,"61":0,"62":1,"63":0,"64":0,"65":0,"66":0,"67":0,"68":0,"69":0,"70":0,"71":1,"72":0,"73":0,"74":0,"75":0,"76":0,"77":0,"78":0,"79":0,"80":0,"81":0,"82":0,"83":0,"84":0,"85":0,"86":0,"87":0,"88":0,"89":0,"90":0,"91":0},"f":{"0":2,"1":2,"2":2,"3":2,"4":0,"5":0,"6":0,"7":0,"8":0,"9":0,"10":0},"b":{"0":[1,1],"1":[0,2],"2":[1,1],"3":[0,2],"4":[1,1],"5":[0,0],"6":[0,0],"7":[0,0],"8":[0,0],"9":[0,0],"10":[0,0],"11":[0,0],"12":[0,0],"13":[0,0],"14":[0,0],"15":[0,0]},"_coverageSchema":"1a1c01bbd47fc00a2c39e90264f33305004495a9","hash":"5aae78ed859adf69dfaeb3fee9dbd8267a4131ca"}
,"E:\\WebDev\\e-Ticket\\src\\middlewares\\auth.middleware.js": {"path":"E:\\WebDev\\e-Ticket\\src\\middlewares\\auth.middleware.js","statementMap":{"0":{"start":{"line":44,"column":0},"end":{"line":44,"column":13}},"1":{"start":{"line":45,"column":15},"end":{"line":45,"column":33}},"2":{"start":{"line":47,"column":20},"end":{"line":120,"column":1}},"3":{"start":{"line":48,"column":24},"end":{"line":48,"column":47}},"4":{"start":{"line":49,"column":25},"end":{"line":49,"column":49}},"5":{"start":{"line":51,"column":4},"end":{"line":55,"column":5}},"6":{"start":{"line":52,"column":8},"end":{"line":52,"column":39}},"7":{"start":{"line":53,"column":8},"end":{"line":53,"column":40}},"8":{"start":{"line":54,"column":8},"end":{"line":54,"column":50}},"9":{"start":{"line":57,"column":4},"end":{"line":119,"column":5}},"10":{"start":{"line":59,"column":24},"end":{"line":59,"column":78}},"11":{"start":{"line":60,"column":8},"end":{"line":60,"column":27}},"12":{"start":{"line":61,"column":8},"end":{"line":61,"column":22}},"13":{"start":{"line":63,"column":8},"end":{"line":113,"column":9}},"14":{"start":{"line":64,"column":12},"end":{"line":68,"column":13}},"15":{"start":{"line":65,"column":16},"end":{"line":65,"column":47}},"16":{"start":{"line":66,"column":16},"end":{"line":66,"column":48}},"17":{"start":{"line":67,"column":16},"end":{"line":67,"column":58}},"18":{"start":{"line":70,"column":12},"end":{"line":112,"column":13}},"19":{"start":{"line":71,"column":44},"end":{"line":71,"column":100}},"20":{"start":{"line":74,"column":29},"end":{"line":75,"column":86}},"21":{"start":{"line":77,"column":16},"end":{"line":79,"column":17}},"22":{"start":{"line":78,"column":20},"end":{"line":78,"column":61}},"23":{"start":{"line":82,"column":39},"end":{"line":82,"column":64}},"24":{"start":{"line":83,"column":40},"end":{"line":83,"column":66}},"25":{"start":{"line":86,"column":35},"end":{"line":86,"column":68}},"26":{"start":{"line":87,"column":16},"end":{"line":91,"column":17}},"27":{"start":{"line":88,"column":20},"end":{"line":88,"column":91}},"28":{"start":{"line":90,"column":20},"end":{"line":90,"column":92}},"29":{"start":{"line":94,"column":16},"end":{"line":98,"column":19}},"30":{"start":{"line":99,"column":16},"end":{"line":103,"column":19}},"31":{"start":{"line":105,"column":16},"end":{"line":105,"column":85}},"32":{"start":{"line":106,"column":16},"end":{"line":106,"column":30}},"33":{"start":{"line":108,"column":16},"end":{"line":108,"column":76}},"34":{"start":{"line":109,"column":16},"end":{"line":109,"column":47}},"35":{"start":{"line":110,"column":16},"end":{"line":110,"column":48}},"36":{"start":{"line":111,"column":16},"end":{"line":111,"column":58}},"37":{"start":{"line":115,"column":8},"end":{"line":115,"column":66}},"38":{"start":{"line":116,"column":8},"end":{"line":116,"column":39}},"39":{"start":{"line":117,"column":8},"end":{"line":117,"column":40}},"40":{"start":{"line":118,"column":8},"end":{"line":118,"column":74}},"41":{"start":{"line":138,"column":22},"end":{"line":140,"column":1}},"42":{"start":{"line":141,"column":22},"end":{"line":143,"column":1}}},"fnMap":{"0":{"name":"(anonymous_0)","decl":{"start":{"line":47,"column":20},"end":{"line":47,"column":21}},"loc":{"start":{"line":47,"column":46},"end":{"line":120,"column":1}},"line":47}},"branchMap":{"0":{"loc":{"start":{"line":51,"column":4},"end":{"line":55,"column":5}},"type":"if","locations":[{"start":{"line":51,"column":4},"end":{"line":55,"column":5}},{"start":{},"end":{}}],"line":51},"1":{"loc":{"start":{"line":63,"column":8},"end":{"line":113,"column":9}},"type":"if","locations":[{"start":{"line":63,"column":8},"end":{"line":113,"column":9}},{"start":{},"end":{}}],"line":63},"2":{"loc":{"start":{"line":64,"column":12},"end":{"line":68,"column":13}},"type":"if","locations":[{"start":{"line":64,"column":12},"end":{"line":68,"column":13}},{"start":{},"end":{}}],"line":64},"3":{"loc":{"start":{"line":74,"column":29},"end":{"line":75,"column":86}},"type":"binary-expr","locations":[{"start":{"line":74,"column":29},"end":{"line":74,"column":85}},{"start":{"line":75,"column":29},"end":{"line":75,"column":86}}],"line":74},"4":{"loc":{"start":{"line":77,"column":16},"end":{"line":79,"column":17}},"type":"if","locations":[{"start":{"line":77,"column":16},"end":{"line":79,"column":17}},{"start":{},"end":{}}],"line":77},"5":{"loc":{"start":{"line":87,"column":16},"end":{"line":91,"column":17}},"type":"if","locations":[{"start":{"line":87,"column":16},"end":{"line":91,"column":17}},{"start":{"line":89,"column":23},"end":{"line":91,"column":17}}],"line":87}},"s":{"0":1,"1":1,"2":1,"3":0,"4":0,"5":0,"6":0,"7":0,"8":0,"9":0,"10":0,"11":0,"12":0,"13":0,"14":0,"15":0,"16":0,"17":0,"18":0,"19":0,"20":0,"21":0,"22":0,"23":0,"24":0,"25":0,"26":0,"27":0,"28":0,"29":0,"30":0,"31":0,"32":0,"33":0,"34":0,"35":0,"36":0,"37":0,"38":0,"39":0,"40":0,"41":1,"42":1},"f":{"0":0},"b":{"0":[0,0],"1":[0,0],"2":[0,0],"3":[0,0],"4":[0,0],"5":[0,0]},"_coverageSchema":"1a1c01bbd47fc00a2c39e90264f33305004495a9","hash":"dc81a3c280c2213661243dfb253c66dea0e5874b"}
,"E:\\WebDev\\e-Ticket\\src\\middlewares\\error.Middleware.js": {"path":"E:\\WebDev\\e-Ticket\\src\\middlewares\\error.Middleware.js","statementMap":{"0":{"start":{"line":3,"column":21},"end":{"line":23,"column":1}},"1":{"start":{"line":5,"column":14},"end":{"line":5,"column":17}},"2":{"start":{"line":8,"column":2},"end":{"line":12,"column":3}},"3":{"start":{"line":9,"column":23},"end":{"line":9,"column":46}},"4":{"start":{"line":10,"column":20},"end":{"line":10,"column":59}},"5":{"start":{"line":11,"column":4},"end":{"line":11,"column":67}},"6":{"start":{"line":15,"column":19},"end":{"line":20,"column":3}},"7":{"start":{"line":22,"column":2},"end":{"line":22,"column":53}}},"fnMap":{"0":{"name":"(anonymous_0)","decl":{"start":{"line":3,"column":21},"end":{"line":3,"column":22}},"loc":{"start":{"line":3,"column":40},"end":{"line":23,"column":1}},"line":3}},"branchMap":{"0":{"loc":{"start":{"line":8,"column":2},"end":{"line":12,"column":3}},"type":"if","locations":[{"start":{"line":8,"column":2},"end":{"line":12,"column":3}},{"start":{},"end":{}}],"line":8},"1":{"loc":{"start":{"line":9,"column":23},"end":{"line":9,"column":46}},"type":"binary-expr","locations":[{"start":{"line":9,"column":23},"end":{"line":9,"column":39}},{"start":{"line":9,"column":43},"end":{"line":9,"column":46}}],"line":9},"2":{"loc":{"start":{"line":10,"column":20},"end":{"line":10,"column":59}},"type":"binary-expr","locations":[{"start":{"line":10,"column":20},"end":{"line":10,"column":33}},{"start":{"line":10,"column":37},"end":{"line":10,"column":59}}],"line":10},"3":{"loc":{"start":{"line":11,"column":46},"end":{"line":11,"column":65}},"type":"binary-expr","locations":[{"start":{"line":11,"column":46},"end":{"line":11,"column":59}},{"start":{"line":11,"column":63},"end":{"line":11,"column":65}}],"line":11},"4":{"loc":{"start":{"line":19,"column":11},"end":{"line":19,"column":73}},"type":"cond-expr","locations":[{"start":{"line":19,"column":52},"end":{"line":19,"column":61}},{"start":{"line":19,"column":64},"end":{"line":19,"column":73}}],"line":19}},"s":{"0":1,"1":0,"2":0,"3":0,"4":0,"5":0,"6":0,"7":0},"f":{"0":0},"b":{"0":[0,0],"1":[0,0],"2":[0,0],"3":[0,0],"4":[0,0]},"_coverageSchema":"1a1c01bbd47fc00a2c39e90264f33305004495a9","hash":"759dce6b0b8bfc9a81937c4d53f846ea27455ee4"}
,"E:\\WebDev\\e-Ticket\\src\\routes\\event.Router.js": {"path":"E:\\WebDev\\e-Ticket\\src\\routes\\event.Router.js","statementMap":{"0":{"start":{"line":7,"column":15},"end":{"line":7,"column":31}},"1":{"start":{"line":8,"column":15},"end":{"line":8,"column":33}},"2":{"start":{"line":11,"column":0},"end":{"line":11,"column":30}},"3":{"start":{"line":14,"column":0},"end":{"line":14,"column":50}},"4":{"start":{"line":17,"column":0},"end":{"line":17,"column":79}},"5":{"start":{"line":20,"column":0},"end":{"line":20,"column":84}}},"fnMap":{},"branchMap":{},"s":{"0":1,"1":1,"2":1,"3":1,"4":1,"5":1},"f":{},"b":{},"_coverageSchema":"1a1c01bbd47fc00a2c39e90264f33305004495a9","hash":"f4a1f5416f85b8b044d99845d48f153edefd8e03"}
,"E:\\WebDev\\e-Ticket\\src\\routes\\homePage.Router.js": {"path":"E:\\WebDev\\e-Ticket\\src\\routes\\homePage.Router.js","statementMap":{"0":{"start":{"line":7,"column":15},"end":{"line":7,"column":31}},"1":{"start":{"line":13,"column":0},"end":{"line":15,"column":3}},"2":{"start":{"line":14,"column":2},"end":{"line":14,"column":37}}},"fnMap":{"0":{"name":"(anonymous_0)","decl":{"start":{"line":13,"column":16},"end":{"line":13,"column":17}},"loc":{"start":{"line":13,"column":30},"end":{"line":15,"column":1}},"line":13}},"branchMap":{},"s":{"0":1,"1":1,"2":0},"f":{"0":0},"b":{},"_coverageSchema":"1a1c01bbd47fc00a2c39e90264f33305004495a9","hash":"3d9d892d24db9a3a927c07fdf20e836c25d0d7e2"}
,"E:\\WebDev\\e-Ticket\\src\\routes\\host.Router.js": {"path":"E:\\WebDev\\e-Ticket\\src\\routes\\host.Router.js","statementMap":{"0":{"start":{"line":23,"column":15},"end":{"line":23,"column":31}},"1":{"start":{"line":24,"column":15},"end":{"line":24,"column":33}},"2":{"start":{"line":25,"column":0},"end":{"line":25,"column":51}},"3":{"start":{"line":28,"column":0},"end":{"line":34,"column":3}},"4":{"start":{"line":29,"column":2},"end":{"line":33,"column":3}},"5":{"start":{"line":30,"column":4},"end":{"line":30,"column":35}},"6":{"start":{"line":32,"column":4},"end":{"line":32,"column":49}},"7":{"start":{"line":37,"column":0},"end":{"line":39,"column":3}},"8":{"start":{"line":38,"column":2},"end":{"line":38,"column":51}},"9":{"start":{"line":42,"column":0},"end":{"line":42,"column":76}},"10":{"start":{"line":45,"column":0},"end":{"line":47,"column":3}},"11":{"start":{"line":46,"column":2},"end":{"line":46,"column":48}},"12":{"start":{"line":50,"column":0},"end":{"line":50,"column":73}},"13":{"start":{"line":53,"column":0},"end":{"line":57,"column":3}},"14":{"start":{"line":54,"column":2},"end":{"line":56,"column":5}},"15":{"start":{"line":60,"column":0},"end":{"line":64,"column":3}},"16":{"start":{"line":61,"column":2},"end":{"line":63,"column":5}},"17":{"start":{"line":67,"column":0},"end":{"line":75,"column":3}},"18":{"start":{"line":68,"column":16},"end":{"line":70,"column":4}},"19":{"start":{"line":71,"column":2},"end":{"line":74,"column":5}},"20":{"start":{"line":78,"column":0},"end":{"line":86,"column":3}},"21":{"start":{"line":79,"column":17},"end":{"line":81,"column":4}},"22":{"start":{"line":82,"column":2},"end":{"line":85,"column":5}},"23":{"start":{"line":89,"column":0},"end":{"line":89,"column":67}},"24":{"start":{"line":92,"column":0},"end":{"line":96,"column":3}},"25":{"start":{"line":93,"column":2},"end":{"line":95,"column":5}},"26":{"start":{"line":99,"column":0},"end":{"line":104,"column":2}},"27":{"start":{"line":107,"column":0},"end":{"line":109,"column":3}},"28":{"start":{"line":108,"column":2},"end":{"line":108,"column":56}},"29":{"start":{"line":112,"column":0},"end":{"line":114,"column":3}},"30":{"start":{"line":113,"column":2},"end":{"line":113,"column":52}},"31":{"start":{"line":117,"column":0},"end":{"line":119,"column":3}},"32":{"start":{"line":118,"column":2},"end":{"line":118,"column":45}},"33":{"start":{"line":122,"column":0},"end":{"line":127,"column":2}},"34":{"start":{"line":130,"column":0},"end":{"line":134,"column":3}},"35":{"start":{"line":131,"column":2},"end":{"line":131,"column":33}},"36":{"start":{"line":132,"column":2},"end":{"line":132,"column":34}},"37":{"start":{"line":133,"column":2},"end":{"line":133,"column":34}}},"fnMap":{"0":{"name":"(anonymous_0)","decl":{"start":{"line":28,"column":16},"end":{"line":28,"column":17}},"loc":{"start":{"line":28,"column":30},"end":{"line":34,"column":1}},"line":28},"1":{"name":"(anonymous_1)","decl":{"start":{"line":37,"column":28},"end":{"line":37,"column":29}},"loc":{"start":{"line":37,"column":42},"end":{"line":39,"column":1}},"line":37},"2":{"name":"(anonymous_2)","decl":{"start":{"line":45,"column":25},"end":{"line":45,"column":26}},"loc":{"start":{"line":45,"column":39},"end":{"line":47,"column":1}},"line":45},"3":{"name":"(anonymous_3)","decl":{"start":{"line":53,"column":40},"end":{"line":53,"column":41}},"loc":{"start":{"line":53,"column":54},"end":{"line":57,"column":1}},"line":53},"4":{"name":"(anonymous_4)","decl":{"start":{"line":60,"column":53},"end":{"line":60,"column":54}},"loc":{"start":{"line":60,"column":67},"end":{"line":64,"column":1}},"line":60},"5":{"name":"(anonymous_5)","decl":{"start":{"line":67,"column":46},"end":{"line":67,"column":47}},"loc":{"start":{"line":67,"column":66},"end":{"line":75,"column":1}},"line":67},"6":{"name":"(anonymous_6)","decl":{"start":{"line":78,"column":56},"end":{"line":78,"column":57}},"loc":{"start":{"line":78,"column":76},"end":{"line":86,"column":1}},"line":78},"7":{"name":"(anonymous_7)","decl":{"start":{"line":92,"column":56},"end":{"line":92,"column":57}},"loc":{"start":{"line":92,"column":70},"end":{"line":96,"column":1}},"line":92},"8":{"name":"(anonymous_8)","decl":{"start":{"line":107,"column":58},"end":{"line":107,"column":59}},"loc":{"start":{"line":107,"column":72},"end":{"line":109,"column":1}},"line":107},"9":{"name":"(anonymous_9)","decl":{"start":{"line":112,"column":54},"end":{"line":112,"column":55}},"loc":{"start":{"line":112,"column":68},"end":{"line":114,"column":1}},"line":112},"10":{"name":"(anonymous_10)","decl":{"start":{"line":117,"column":61},"end":{"line":117,"column":62}},"loc":{"start":{"line":117,"column":75},"end":{"line":119,"column":1}},"line":117},"11":{"name":"(anonymous_11)","decl":{"start":{"line":130,"column":26},"end":{"line":130,"column":27}},"loc":{"start":{"line":130,"column":40},"end":{"line":134,"column":1}},"line":130}},"branchMap":{"0":{"loc":{"start":{"line":29,"column":2},"end":{"line":33,"column":3}},"type":"if","locations":[{"start":{"line":29,"column":2},"end":{"line":33,"column":3}},{"start":{"line":31,"column":9},"end":{"line":33,"column":3}}],"line":29}},"s":{"0":1,"1":1,"2":1,"3":1,"4":0,"5":0,"6":0,"7":1,"8":0,"9":1,"10":1,"11":0,"12":1,"13":1,"14":0,"15":1,"16":0,"17":1,"18":0,"19":0,"20":1,"21":0,"22":0,"23":1,"24":1,"25":0,"26":1,"27":1,"28":0,"29":1,"30":0,"31":1,"32":0,"33":1,"34":1,"35":0,"36":0,"37":0},"f":{"0":0,"1":0,"2":0,"3":0,"4":0,"5":0,"6":0,"7":0,"8":0,"9":0,"10":0,"11":0},"b":{"0":[0,0]},"_coverageSchema":"1a1c01bbd47fc00a2c39e90264f33305004495a9","hash":"6dacd78eda4ec7e3fabd693069a5c595ed0801d2"}
,"E:\\WebDev\\e-Ticket\\src\\routes\\user.Router.js": {"path":"E:\\WebDev\\e-Ticket\\src\\routes\\user.Router.js","statementMap":{"0":{"start":{"line":20,"column":15},"end":{"line":20,"column":31}},"1":{"start":{"line":21,"column":15},"end":{"line":21,"column":33}},"2":{"start":{"line":24,"column":0},"end":{"line":30,"column":3}},"3":{"start":{"line":25,"column":4},"end":{"line":29,"column":5}},"4":{"start":{"line":26,"column":8},"end":{"line":26,"column":37}},"5":{"start":{"line":28,"column":8},"end":{"line":28,"column":40}},"6":{"start":{"line":33,"column":0},"end":{"line":35,"column":2}},"7":{"start":{"line":34,"column":4},"end":{"line":34,"column":39}},"8":{"start":{"line":38,"column":0},"end":{"line":38,"column":81}},"9":{"start":{"line":41,"column":0},"end":{"line":48,"column":2}},"10":{"start":{"line":42,"column":17},"end":{"line":44,"column":6}},"11":{"start":{"line":45,"column":4},"end":{"line":47,"column":6}},"12":{"start":{"line":51,"column":0},"end":{"line":51,"column":75}},"13":{"start":{"line":54,"column":0},"end":{"line":61,"column":3}},"14":{"start":{"line":55,"column":17},"end":{"line":57,"column":6}},"15":{"start":{"line":58,"column":4},"end":{"line":60,"column":7}},"16":{"start":{"line":64,"column":0},"end":{"line":72,"column":2}},"17":{"start":{"line":65,"column":17},"end":{"line":68,"column":6}},"18":{"start":{"line":69,"column":4},"end":{"line":71,"column":6}},"19":{"start":{"line":75,"column":0},"end":{"line":75,"column":98}},"20":{"start":{"line":78,"column":0},"end":{"line":78,"column":60}},"21":{"start":{"line":81,"column":0},"end":{"line":88,"column":2}},"22":{"start":{"line":82,"column":20},"end":{"line":84,"column":6}},"23":{"start":{"line":85,"column":4},"end":{"line":87,"column":7}},"24":{"start":{"line":91,"column":0},"end":{"line":91,"column":104}},"25":{"start":{"line":95,"column":0},"end":{"line":97,"column":3}},"26":{"start":{"line":96,"column":4},"end":{"line":96,"column":46}},"27":{"start":{"line":100,"column":0},"end":{"line":100,"column":118}},"28":{"start":{"line":103,"column":0},"end":{"line":107,"column":3}},"29":{"start":{"line":104,"column":4},"end":{"line":104,"column":35}},"30":{"start":{"line":105,"column":4},"end":{"line":105,"column":36}},"31":{"start":{"line":106,"column":4},"end":{"line":106,"column":39}}},"fnMap":{"0":{"name":"(anonymous_0)","decl":{"start":{"line":24,"column":16},"end":{"line":24,"column":17}},"loc":{"start":{"line":24,"column":30},"end":{"line":30,"column":1}},"line":24},"1":{"name":"(anonymous_1)","decl":{"start":{"line":33,"column":28},"end":{"line":33,"column":29}},"loc":{"start":{"line":33,"column":42},"end":{"line":35,"column":1}},"line":33},"2":{"name":"(anonymous_2)","decl":{"start":{"line":41,"column":28},"end":{"line":41,"column":29}},"loc":{"start":{"line":41,"column":48},"end":{"line":48,"column":1}},"line":41},"3":{"name":"(anonymous_3)","decl":{"start":{"line":54,"column":38},"end":{"line":54,"column":39}},"loc":{"start":{"line":54,"column":57},"end":{"line":61,"column":1}},"line":54},"4":{"name":"(anonymous_4)","decl":{"start":{"line":64,"column":51},"end":{"line":64,"column":52}},"loc":{"start":{"line":64,"column":70},"end":{"line":72,"column":1}},"line":64},"5":{"name":"(anonymous_5)","decl":{"start":{"line":81,"column":73},"end":{"line":81,"column":74}},"loc":{"start":{"line":81,"column":93},"end":{"line":88,"column":1}},"line":81},"6":{"name":"(anonymous_6)","decl":{"start":{"line":95,"column":59},"end":{"line":95,"column":60}},"loc":{"start":{"line":95,"column":73},"end":{"line":97,"column":1}},"line":95},"7":{"name":"(anonymous_7)","decl":{"start":{"line":103,"column":29},"end":{"line":103,"column":30}},"loc":{"start":{"line":103,"column":43},"end":{"line":107,"column":1}},"line":103}},"branchMap":{"0":{"loc":{"start":{"line":25,"column":4},"end":{"line":29,"column":5}},"type":"if","locations":[{"start":{"line":25,"column":4},"end":{"line":29,"column":5}},{"start":{"line":27,"column":11},"end":{"line":29,"column":5}}],"line":25}},"s":{"0":1,"1":1,"2":1,"3":0,"4":0,"5":0,"6":1,"7":0,"8":1,"9":1,"10":0,"11":0,"12":1,"13":1,"14":0,"15":0,"16":1,"17":0,"18":0,"19":1,"20":1,"21":1,"22":0,"23":0,"24":1,"25":1,"26":0,"27":1,"28":1,"29":0,"30":0,"31":0},"f":{"0":0,"1":0,"2":0,"3":0,"4":0,"5":0,"6":0,"7":0},"b":{"0":[0,0]},"_coverageSchema":"1a1c01bbd47fc00a2c39e90264f33305004495a9","hash":"47fb22c3126c782a2f3b8144e4ad85d7884d34f0"}
,"E:\\WebDev\\e-Ticket\\src\\utils\\apiError.js": {"path":"E:\\WebDev\\e-Ticket\\src\\utils\\apiError.js","statementMap":{"0":{"start":{"line":8,"column":8},"end":{"line":8,"column":22}},"1":{"start":{"line":9,"column":8},"end":{"line":9,"column":36}},"2":{"start":{"line":10,"column":8},"end":{"line":10,"column":24}},"3":{"start":{"line":11,"column":8},"end":{"line":11,"column":30}},"4":{"start":{"line":12,"column":8},"end":{"line":12,"column":28}},"5":{"start":{"line":13,"column":8},"end":{"line":13,"column":28}},"6":{"start":{"line":15,"column":8},"end":{"line":19,"column":9}},"7":{"start":{"line":16,"column":12},"end":{"line":16,"column":30}},"8":{"start":{"line":18,"column":12},"end":{"line":18,"column":59}}},"fnMap":{"0":{"name":"(anonymous_0)","decl":{"start":{"line":2,"column":4},"end":{"line":2,"column":5}},"loc":{"start":{"line":7,"column":5},"end":{"line":20,"column":5}},"line":7}},"branchMap":{"0":{"loc":{"start":{"line":4,"column":8},"end":{"line":4,"column":40}},"type":"default-arg","locations":[{"start":{"line":4,"column":18},"end":{"line":4,"column":40}}],"line":4},"1":{"loc":{"start":{"line":5,"column":8},"end":{"line":5,"column":19}},"type":"default-arg","locations":[{"start":{"line":5,"column":17},"end":{"line":5,"column":19}}],"line":5},"2":{"loc":{"start":{"line":6,"column":8},"end":{"line":6,"column":18}},"type":"default-arg","locations":[{"start":{"line":6,"column":16},"end":{"line":6,"column":18}}],"line":6},"3":{"loc":{"start":{"line":15,"column":8},"end":{"line":19,"column":9}},"type":"if","locations":[{"start":{"line":15,"column":8},"end":{"line":19,"column":9}},{"start":{"line":17,"column":15},"end":{"line":19,"column":9}}],"line":15}},"s":{"0":0,"1":0,"2":0,"3":0,"4":0,"5":0,"6":0,"7":0,"8":0},"f":{"0":0},"b":{"0":[0],"1":[0],"2":[0],"3":[0,0]},"_coverageSchema":"1a1c01bbd47fc00a2c39e90264f33305004495a9","hash":"c3db145bda437b70db2d1afa3764d9c6591f6569"}
,"E:\\WebDev\\e-Ticket\\src\\utils\\asyncHandler.js": {"path":"E:\\WebDev\\e-Ticket\\src\\utils\\asyncHandler.js","statementMap":{"0":{"start":{"line":1,"column":21},"end":{"line":10,"column":1}},"1":{"start":{"line":1,"column":41},"end":{"line":10,"column":1}},"2":{"start":{"line":2,"column":4},"end":{"line":9,"column":5}},"3":{"start":{"line":3,"column":8},"end":{"line":3,"column":45}},"4":{"start":{"line":5,"column":8},"end":{"line":8,"column":10}}},"fnMap":{"0":{"name":"(anonymous_0)","decl":{"start":{"line":1,"column":21},"end":{"line":1,"column":22}},"loc":{"start":{"line":1,"column":41},"end":{"line":10,"column":1}},"line":1},"1":{"name":"(anonymous_1)","decl":{"start":{"line":1,"column":41},"end":{"line":1,"column":42}},"loc":{"start":{"line":1,"column":66},"end":{"line":10,"column":1}},"line":1}},"branchMap":{"0":{"loc":{"start":{"line":5,"column":19},"end":{"line":5,"column":36}},"type":"binary-expr","locations":[{"start":{"line":5,"column":19},"end":{"line":5,"column":29}},{"start":{"line":5,"column":33},"end":{"line":5,"column":36}}],"line":5}},"s":{"0":1,"1":1,"2":2,"3":2,"4":0},"f":{"0":1,"1":2},"b":{"0":[0,0]},"_coverageSchema":"1a1c01bbd47fc00a2c39e90264f33305004495a9","hash":"8ad73badcf4f718daefe5b9225609b5ef586ba8e"}
,"E:\\WebDev\\e-Ticket\\src\\utils\\generateTokens.js": {"path":"E:\\WebDev\\e-Ticket\\src\\utils\\generateTokens.js","statementMap":{"0":{"start":{"line":4,"column":0},"end":{"line":4,"column":13}},"1":{"start":{"line":6,"column":28},"end":{"line":12,"column":1}},"2":{"start":{"line":7,"column":4},"end":{"line":11,"column":6}},"3":{"start":{"line":14,"column":29},"end":{"line":20,"column":1}},"4":{"start":{"line":15,"column":4},"end":{"line":19,"column":6}}},"fnMap":{"0":{"name":"(anonymous_0)","decl":{"start":{"line":6,"column":28},"end":{"line":6,"column":29}},"loc":{"start":{"line":6,"column":38},"end":{"line":12,"column":1}},"line":6},"1":{"name":"(anonymous_1)","decl":{"start":{"line":14,"column":29},"end":{"line":14,"column":30}},"loc":{"start":{"line":14,"column":39},"end":{"line":20,"column":1}},"line":14}},"branchMap":{},"s":{"0":1,"1":1,"2":1,"3":1,"4":1},"f":{"0":1,"1":1},"b":{},"_coverageSchema":"1a1c01bbd47fc00a2c39e90264f33305004495a9","hash":"aa871eb11d87c1745fa3f02a5362a2d57a2cf2c8"}
,"E:\\WebDev\\e-Ticket\\src\\utils\\validators.js": {"path":"E:\\WebDev\\e-Ticket\\src\\utils\\validators.js","statementMap":{"0":{"start":{"line":4,"column":24},"end":{"line":22,"column":1}},"1":{"start":{"line":5,"column":7},"end":{"line":21,"column":8}},"2":{"start":{"line":6,"column":14},"end":{"line":6,"column":84}},"3":{"start":{"line":6,"column":62},"end":{"line":6,"column":81}},"4":{"start":{"line":8,"column":29},"end":{"line":8,"column":50}},"5":{"start":{"line":9,"column":14},"end":{"line":11,"column":15}},"6":{"start":{"line":10,"column":21},"end":{"line":10,"column":35}},"7":{"start":{"line":13,"column":14},"end":{"line":20,"column":17}},"8":{"start":{"line":16,"column":56},"end":{"line":19,"column":22}},"9":{"start":{"line":26,"column":30},"end":{"line":45,"column":1}},"10":{"start":{"line":48,"column":27},"end":{"line":57,"column":1}},"11":{"start":{"line":60,"column":30},"end":{"line":79,"column":1}},"12":{"start":{"line":82,"column":27},"end":{"line":91,"column":2}},"13":{"start":{"line":94,"column":28},"end":{"line":130,"column":1}},"14":{"start":{"line":133,"column":26},"end":{"line":170,"column":1}},"15":{"start":{"line":172,"column":32},"end":{"line":187,"column":1}},"16":{"start":{"line":189,"column":36},"end":{"line":189,"column":59}},"17":{"start":{"line":190,"column":36},"end":{"line":190,"column":59}}},"fnMap":{"0":{"name":"(anonymous_0)","decl":{"start":{"line":4,"column":24},"end":{"line":4,"column":25}},"loc":{"start":{"line":4,"column":41},"end":{"line":22,"column":1}},"line":4},"1":{"name":"(anonymous_1)","decl":{"start":{"line":5,"column":14},"end":{"line":5,"column":15}},"loc":{"start":{"line":5,"column":40},"end":{"line":21,"column":8}},"line":5},"2":{"name":"(anonymous_2)","decl":{"start":{"line":6,"column":48},"end":{"line":6,"column":49}},"loc":{"start":{"line":6,"column":62},"end":{"line":6,"column":81}},"line":6},"3":{"name":"(anonymous_3)","decl":{"start":{"line":16,"column":48},"end":{"line":16,"column":49}},"loc":{"start":{"line":16,"column":56},"end":{"line":19,"column":22}},"line":16}},"branchMap":{"0":{"loc":{"start":{"line":9,"column":14},"end":{"line":11,"column":15}},"type":"if","locations":[{"start":{"line":9,"column":14},"end":{"line":11,"column":15}},{"start":{},"end":{}}],"line":9}},"s":{"0":1,"1":8,"2":4,"3":12,"4":4,"5":4,"6":4,"7":0,"8":0,"9":1,"10":1,"11":1,"12":1,"13":1,"14":1,"15":1,"16":1,"17":1},"f":{"0":8,"1":4,"2":12,"3":0},"b":{"0":[4,0]},"_coverageSchema":"1a1c01bbd47fc00a2c39e90264f33305004495a9","hash":"d4cc17c9844de29e2da922453be543aa9d7d2a08"}
}
