TN:
SF:app.js
FNF:0
FNH:0
DA:8,1
DA:9,1
DA:11,1
DA:12,1
DA:19,1
DA:20,1
DA:21,1
DA:23,1
DA:24,1
DA:26,1
DA:27,1
DA:36,1
DA:37,1
DA:38,1
DA:39,1
DA:45,1
LF:16
LH:16
BRF:0
BRH:0
end_of_record
TN:
SF:src\controllers\events.Controller.js
FN:7,(anonymous_0)
FN:34,(anonymous_1)
FN:61,(anonymous_2)
FN:135,convertTicketToSeat
FNF:4
FNH:0
FNDA:0,(anonymous_0)
FNDA:0,(anonymous_1)
FNDA:0,(anonymous_2)
FNDA:0,convertTicketToSeat
DA:4,1
DA:7,1
DA:8,0
DA:9,0
DA:17,0
DA:18,0
DA:24,0
DA:28,0
DA:29,0
DA:34,1
DA:35,0
DA:36,0
DA:37,0
DA:39,0
DA:47,0
DA:48,0
DA:51,0
DA:55,0
DA:56,0
DA:61,1
DA:63,0
DA:64,0
DA:65,0
DA:66,0
DA:80,0
DA:83,0
DA:88,0
DA:93,0
DA:94,0
DA:95,0
DA:99,0
DA:101,0
DA:102,0
DA:106,0
DA:108,0
DA:110,0
DA:111,0
DA:112,0
DA:113,0
DA:116,0
DA:117,0
DA:118,0
DA:121,0
DA:129,0
DA:130,0
DA:131,0
DA:136,0
DA:138,0
DA:139,0
DA:142,0
DA:144,0
DA:147,0
DA:168,0
DA:169,0
DA:172,0
DA:173,0
LF:56
LH:4
BRDA:17,0,0,0
BRDA:17,0,1,0
BRDA:17,1,0,0
BRDA:17,1,1,0
BRDA:47,2,0,0
BRDA:47,2,1,0
BRDA:64,3,0,0
BRDA:64,3,1,0
BRDA:93,4,0,0
BRDA:93,4,1,0
BRDA:99,5,0,0
BRDA:99,5,1,0
BRDA:113,6,0,0
BRDA:113,6,1,0
BRDA:116,7,0,0
BRDA:116,7,1,0
BRDA:116,8,0,0
BRDA:116,8,1,0
BRDA:116,8,2,0
BRDA:116,8,3,0
BRDA:129,9,0,0
BRDA:129,9,1,0
BRF:22
BRH:0
end_of_record
TN:
SF:src\controllers\host.Controller.js
FN:13,(anonymous_0)
FN:58,verify
FN:85,(anonymous_2)
FN:87,(anonymous_3)
FN:119,(anonymous_4)
FN:166,(anonymous_5)
FN:171,(anonymous_6)
FNF:7
FNH:0
FNDA:0,(anonymous_0)
FNDA:0,verify
FNDA:0,(anonymous_2)
FNDA:0,(anonymous_3)
FNDA:0,(anonymous_4)
FNDA:0,(anonymous_5)
FNDA:0,(anonymous_6)
DA:8,1
DA:9,1
DA:10,1
DA:13,1
DA:15,0
DA:17,0
DA:19,0
DA:25,0
DA:26,0
DA:29,0
DA:31,0
DA:40,0
DA:41,0
DA:45,0
DA:46,0
DA:50,0
DA:56,1
DA:59,0
DA:61,0
DA:65,0
DA:66,0
DA:69,0
DA:71,0
DA:72,0
DA:75,0
DA:78,0
DA:79,0
DA:85,1
DA:87,0
DA:89,0
DA:90,0
DA:93,0
DA:94,0
DA:97,0
DA:103,0
DA:108,0
DA:114,0
DA:119,1
DA:121,0
DA:122,0
DA:125,0
DA:129,0
DA:131,0
DA:138,0
DA:141,0
DA:156,0
DA:157,0
DA:160,0
DA:161,0
DA:166,1
DA:168,0
DA:170,0
DA:171,0
DA:173,0
DA:177,0
DA:180,0
DA:184,0
DA:187,0
DA:189,0
DA:192,0
DA:193,0
DA:197,0
DA:200,0
DA:206,0
DA:207,0
DA:211,0
DA:212,0
LF:67
LH:8
BRDA:25,0,0,0
BRDA:25,0,1,0
BRDA:65,1,0,0
BRDA:65,1,1,0
BRDA:71,2,0,0
BRDA:71,2,1,0
BRDA:89,3,0,0
BRDA:89,3,1,0
BRDA:90,4,0,0
BRDA:90,4,1,0
BRDA:138,5,0,0
BRDA:138,5,1,0
BRDA:177,6,0,0
BRDA:177,6,1,0
BRDA:184,7,0,0
BRDA:184,7,1,0
BRDA:189,8,0,0
BRDA:189,8,1,0
BRDA:192,9,0,0
BRDA:192,9,1,0
BRF:20
BRH:0
end_of_record
TN:
SF:src\controllers\tickets.Controller.js
FN:7,(anonymous_0)
FN:15,(anonymous_1)
FN:30,(anonymous_2)
FN:69,(anonymous_3)
FN:104,(anonymous_4)
FN:169,(anonymous_5)
FN:188,(anonymous_6)
FNF:7
FNH:0
FNDA:0,(anonymous_0)
FNDA:0,(anonymous_1)
FNDA:0,(anonymous_2)
FNDA:0,(anonymous_3)
FNDA:0,(anonymous_4)
FNDA:0,(anonymous_5)
FNDA:0,(anonymous_6)
DA:3,1
DA:8,0
DA:9,0
DA:10,0
DA:11,0
DA:16,0
DA:18,0
DA:22,0
DA:23,0
DA:26,0
DA:27,0
DA:28,0
DA:30,0
DA:32,0
DA:41,0
DA:42,0
DA:45,0
DA:47,0
DA:48,0
DA:52,0
DA:55,0
DA:56,0
DA:60,0
DA:65,0
DA:68,0
DA:69,0
DA:73,0
DA:84,0
DA:92,0
DA:95,0
DA:96,0
DA:98,0
DA:99,0
DA:105,0
DA:106,0
DA:108,0
DA:110,0
DA:134,0
DA:136,0
DA:137,0
DA:141,0
DA:152,0
DA:154,0
DA:159,0
DA:160,0
DA:170,0
DA:172,0
DA:173,0
DA:176,0
DA:180,0
DA:181,0
DA:184,0
DA:185,0
DA:188,0
DA:190,0
DA:195,0
DA:196,0
DA:200,0
DA:201,0
DA:205,0
DA:218,0
DA:227,0
DA:235,0
DA:238,0
DA:243,0
DA:244,0
LF:66
LH:1
BRDA:7,0,0,0
BRDA:22,1,0,0
BRDA:22,1,1,0
BRDA:41,2,0,0
BRDA:41,2,1,0
BRDA:47,3,0,0
BRDA:47,3,1,0
BRDA:52,4,0,0
BRDA:52,4,1,0
BRDA:55,5,0,0
BRDA:55,5,1,0
BRDA:55,6,0,0
BRDA:55,6,1,0
BRDA:65,7,0,0
BRDA:65,7,1,0
BRDA:136,8,0,0
BRDA:136,8,1,0
BRDA:180,9,0,0
BRDA:180,9,1,0
BRDA:184,10,0,0
BRDA:184,10,1,0
BRDA:195,11,0,0
BRDA:195,11,1,0
BRDA:200,12,0,0
BRDA:200,12,1,0
BRDA:212,13,0,0
BRDA:212,13,1,0
BRDA:213,14,0,0
BRDA:213,14,1,0
BRF:29
BRH:0
end_of_record
TN:
SF:src\controllers\user.Controllers.js
FN:18,(anonymous_0)
FN:59,verify
FN:89,(anonymous_2)
FN:91,(anonymous_3)
FN:109,(anonymous_4)
FN:132,(anonymous_5)
FN:153,(anonymous_6)
FN:156,(anonymous_7)
FN:216,(anonymous_8)
FN:258,(anonymous_9)
FNF:10
FNH:5
FNDA:2,(anonymous_0)
FNDA:2,verify
FNDA:2,(anonymous_2)
FNDA:2,(anonymous_3)
FNDA:0,(anonymous_4)
FNDA:0,(anonymous_5)
FNDA:0,(anonymous_6)
FNDA:0,(anonymous_7)
FNDA:0,(anonymous_8)
FNDA:1,(anonymous_9)
DA:13,1
DA:14,1
DA:15,1
DA:18,1
DA:20,2
DA:22,2
DA:24,2
DA:30,2
DA:31,1
DA:36,1
DA:38,1
DA:47,1
DA:48,1
DA:50,0
DA:51,0
DA:57,1
DA:64,2
DA:66,2
DA:70,2
DA:71,0
DA:74,2
DA:76,2
DA:77,1
DA:80,1
DA:82,0
DA:83,0
DA:89,1
DA:91,2
DA:92,2
DA:93,0
DA:95,2
DA:96,1
DA:100,1
DA:101,1
DA:104,1
DA:110,0
DA:114,1
DA:120,1
DA:127,1
DA:132,1
DA:133,0
DA:145,0
DA:148,0
DA:153,0
DA:154,0
DA:156,0
DA:162,0
DA:163,0
DA:174,0
DA:175,0
DA:182,0
DA:186,0
DA:188,0
DA:189,0
DA:193,0
DA:195,0
DA:197,0
DA:200,0
DA:203,0
DA:204,0
DA:208,0
DA:209,0
DA:216,1
DA:217,0
DA:221,0
DA:223,0
DA:245,0
DA:246,0
DA:248,0
DA:252,0
DA:253,0
DA:258,1
DA:259,1
DA:261,1
DA:263,1
DA:264,0
DA:268,1
DA:275,1
DA:276,0
DA:282,1
DA:286,1
DA:287,0
DA:291,1
DA:292,0
DA:298,1
DA:301,1
DA:306,1
DA:308,0
DA:309,0
LF:89
LH:46
BRDA:30,0,0,1
BRDA:30,0,1,1
BRDA:70,1,0,0
BRDA:70,1,1,2
BRDA:76,2,0,1
BRDA:76,2,1,1
BRDA:92,3,0,0
BRDA:92,3,1,2
BRDA:95,4,0,1
BRDA:95,4,1,1
BRDA:156,5,0,0
BRDA:156,5,1,0
BRDA:164,6,0,0
BRDA:164,6,1,0
BRDA:174,7,0,0
BRDA:174,7,1,0
BRDA:186,8,0,0
BRDA:186,8,1,0
BRDA:188,9,0,0
BRDA:188,9,1,0
BRDA:195,10,0,0
BRDA:195,10,1,0
BRDA:245,11,0,0
BRDA:245,11,1,0
BRDA:263,12,0,0
BRDA:263,12,1,1
BRDA:263,13,0,1
BRDA:263,13,1,1
BRDA:263,13,2,1
BRDA:263,13,3,1
BRDA:275,14,0,0
BRDA:275,14,1,1
BRDA:286,15,0,0
BRDA:286,15,1,1
BRDA:291,16,0,0
BRDA:291,16,1,1
BRF:36
BRH:16
end_of_record
TN:
SF:src\middlewares\auth.middleware.js
FN:12,(anonymous_0)
FNF:1
FNH:1
FNDA:5,(anonymous_0)
DA:9,1
DA:10,1
DA:12,1
DA:13,5
DA:14,5
DA:16,5
DA:18,2
DA:19,2
DA:20,2
DA:21,2
DA:25,0
DA:26,0
DA:27,0
DA:30,3
DA:32,3
DA:33,3
DA:34,3
DA:36,0
DA:37,0
DA:38,0
DA:39,0
DA:40,0
DA:43,0
DA:44,0
DA:51,0
DA:54,0
DA:55,0
DA:59,0
DA:60,0
DA:63,0
DA:64,0
DA:65,0
DA:70,0
DA:77,0
DA:82,0
DA:88,0
DA:89,0
DA:91,0
DA:92,0
DA:93,0
DA:94,0
DA:98,0
DA:99,0
DA:100,0
DA:101,0
DA:120,1
DA:124,1
LF:47
LH:16
BRDA:16,0,0,2
BRDA:16,0,1,3
BRDA:18,1,0,2
BRDA:18,1,1,0
BRDA:36,2,0,0
BRDA:36,2,1,0
BRDA:37,3,0,0
BRDA:37,3,1,0
BRDA:51,4,0,0
BRDA:51,4,1,0
BRDA:54,5,0,0
BRDA:54,5,1,0
BRDA:64,6,0,0
BRDA:64,6,1,0
BRF:14
BRH:3
end_of_record
TN:
SF:src\middlewares\error.Middleware.js
FN:3,(anonymous_0)
FNF:1
FNH:0
FNDA:0,(anonymous_0)
DA:3,1
DA:5,0
DA:8,0
DA:9,0
DA:10,0
DA:11,0
DA:15,0
DA:22,0
LF:8
LH:1
BRDA:8,0,0,0
BRDA:8,0,1,0
BRDA:9,1,0,0
BRDA:9,1,1,0
BRDA:10,2,0,0
BRDA:10,2,1,0
BRDA:11,3,0,0
BRDA:11,3,1,0
BRDA:19,4,0,0
BRDA:19,4,1,0
BRF:10
BRH:0
end_of_record
TN:
SF:src\routes\event.Router.js
FNF:0
FNH:0
DA:7,1
DA:8,1
DA:11,1
DA:14,1
DA:17,1
DA:20,1
LF:6
LH:6
BRF:0
BRH:0
end_of_record
TN:
SF:src\routes\homePage.Router.js
FN:13,(anonymous_0)
FNF:1
FNH:0
FNDA:0,(anonymous_0)
DA:7,1
DA:13,1
DA:14,0
LF:3
LH:2
BRF:0
BRH:0
end_of_record
TN:
SF:src\routes\host.Router.js
FN:28,(anonymous_0)
FN:37,(anonymous_1)
FN:45,(anonymous_2)
FN:53,(anonymous_3)
FN:60,(anonymous_4)
FN:67,(anonymous_5)
FN:78,(anonymous_6)
FN:92,(anonymous_7)
FN:107,(anonymous_8)
FN:112,(anonymous_9)
FN:117,(anonymous_10)
FN:130,(anonymous_11)
FNF:12
FNH:0
FNDA:0,(anonymous_0)
FNDA:0,(anonymous_1)
FNDA:0,(anonymous_2)
FNDA:0,(anonymous_3)
FNDA:0,(anonymous_4)
FNDA:0,(anonymous_5)
FNDA:0,(anonymous_6)
FNDA:0,(anonymous_7)
FNDA:0,(anonymous_8)
FNDA:0,(anonymous_9)
FNDA:0,(anonymous_10)
FNDA:0,(anonymous_11)
DA:23,1
DA:24,1
DA:25,1
DA:28,1
DA:29,0
DA:30,0
DA:32,0
DA:37,1
DA:38,0
DA:42,1
DA:45,1
DA:46,0
DA:50,1
DA:53,1
DA:54,0
DA:60,1
DA:61,0
DA:67,1
DA:68,0
DA:71,0
DA:78,1
DA:79,0
DA:82,0
DA:89,1
DA:92,1
DA:93,0
DA:99,1
DA:107,1
DA:108,0
DA:112,1
DA:113,0
DA:117,1
DA:118,0
DA:122,1
DA:130,1
DA:131,0
DA:132,0
DA:133,0
LF:38
LH:20
BRDA:29,0,0,0
BRDA:29,0,1,0
BRF:2
BRH:0
end_of_record
TN:
SF:src\routes\user.Router.js
FN:24,(anonymous_0)
FN:33,(anonymous_1)
FN:41,(anonymous_2)
FN:54,(anonymous_3)
FN:64,(anonymous_4)
FN:81,(anonymous_5)
FN:95,(anonymous_6)
FN:103,(anonymous_7)
FNF:8
FNH:0
FNDA:0,(anonymous_0)
FNDA:0,(anonymous_1)
FNDA:0,(anonymous_2)
FNDA:0,(anonymous_3)
FNDA:0,(anonymous_4)
FNDA:0,(anonymous_5)
FNDA:0,(anonymous_6)
FNDA:0,(anonymous_7)
DA:20,1
DA:21,1
DA:24,1
DA:25,0
DA:26,0
DA:28,0
DA:33,1
DA:34,0
DA:38,1
DA:41,1
DA:42,0
DA:45,0
DA:51,1
DA:54,1
DA:55,0
DA:58,0
DA:64,1
DA:65,0
DA:69,0
DA:75,1
DA:78,1
DA:81,1
DA:82,0
DA:85,0
DA:91,1
DA:95,1
DA:96,0
DA:100,1
DA:103,1
DA:104,0
DA:105,0
DA:106,0
LF:32
LH:16
BRDA:25,0,0,0
BRDA:25,0,1,0
BRF:2
BRH:0
end_of_record
TN:
SF:src\utils\apiError.js
FN:2,(anonymous_0)
FNF:1
FNH:0
FNDA:0,(anonymous_0)
DA:8,0
DA:9,0
DA:10,0
DA:11,0
DA:12,0
DA:13,0
DA:15,0
DA:16,0
DA:18,0
LF:9
LH:0
BRDA:4,0,0,0
BRDA:5,1,0,0
BRDA:6,2,0,0
BRDA:15,3,0,0
BRDA:15,3,1,0
BRF:5
BRH:0
end_of_record
TN:
SF:src\utils\asyncHandler.js
FN:1,(anonymous_0)
FN:1,(anonymous_1)
FNF:2
FNH:2
FNDA:1,(anonymous_0)
FNDA:2,(anonymous_1)
DA:1,1
DA:2,2
DA:3,2
DA:5,0
LF:4
LH:3
BRDA:5,0,0,0
BRDA:5,0,1,0
BRF:2
BRH:0
end_of_record
TN:
SF:src\utils\generateTokens.js
FN:6,(anonymous_0)
FN:14,(anonymous_1)
FNF:2
FNH:2
FNDA:6,(anonymous_0)
FNDA:6,(anonymous_1)
DA:4,1
DA:6,1
DA:7,6
DA:14,1
DA:15,6
LF:5
LH:5
BRF:0
BRH:0
end_of_record
TN:
SF:src\utils\validators.js
FN:4,(anonymous_0)
FN:5,(anonymous_1)
FN:6,(anonymous_2)
FN:16,(anonymous_3)
FNF:4
FNH:4
FNDA:8,(anonymous_0)
FNDA:7,(anonymous_1)
FNDA:24,(anonymous_2)
FNDA:4,(anonymous_3)
DA:4,1
DA:5,8
DA:6,24
DA:8,7
DA:9,7
DA:10,5
DA:13,2
DA:16,4
DA:26,1
DA:48,1
DA:60,1
DA:82,1
DA:94,1
DA:133,1
DA:172,1
DA:189,1
DA:190,1
LF:17
LH:17
BRDA:9,0,0,5
BRDA:9,0,1,2
BRF:2
BRH:2
end_of_record
